[debug] [2021-05-30T15:03:07.519Z] ----------------------------------------------------------------------
[debug] [2021-05-30T15:03:07.532Z] Command:       /snap/node/4594/bin/node /usr/local/bin/firebase deploy
[debug] [2021-05-30T15:03:07.533Z] CLI Version:   9.12.0
[debug] [2021-05-30T15:03:07.533Z] Platform:      linux
[debug] [2021-05-30T15:03:07.533Z] Node Version:  v14.17.0
[debug] [2021-05-30T15:03:07.574Z] Time:          Sun May 30 2021 21:03:07 GMT+0600 (Bangladesh Standard Time)
[debug] [2021-05-30T15:03:07.574Z] ----------------------------------------------------------------------
[debug] 
[debug] [2021-05-30T15:03:07.708Z] > command requires scopes: ["email","openid","https://www.googleapis.com/auth/cloudplatformprojects.readonly","https://www.googleapis.com/auth/firebase","https://www.googleapis.com/auth/cloud-platform"]
[debug] [2021-05-30T15:03:07.709Z] > authorizing via signed-in user (rabiussunny10@gmail.com)
[debug] [2021-05-30T15:03:07.710Z] [iam] checking project rabius-sunny for permissions ["firebase.projects.get","firebasehosting.sites.update"]
[debug] [2021-05-30T15:03:07.717Z] >>> HTTP REQUEST POST https://cloudresourcemanager.googleapis.com/v1/projects/rabius-sunny:testIamPermissions  
 {"permissions":["firebase.projects.get","firebasehosting.sites.update"]}
[debug] [2021-05-30T15:03:09.690Z] <<< HTTP RESPONSE 200 {"content-type":"application/json; charset=UTF-8","vary":"X-Origin, Referer, Origin,Accept-Encoding","date":"Sun, 30 May 2021 15:03:09 GMT","server":"ESF","cache-control":"private","x-xss-protection":"0","x-frame-options":"SAMEORIGIN","x-content-type-options":"nosniff","server-timing":"gfet4t7; dur=1295","alt-svc":"h3-29=\":443\"; ma=2592000,h3-T051=\":443\"; ma=2592000,h3-Q050=\":443\"; ma=2592000,h3-Q046=\":443\"; ma=2592000,h3-Q043=\":443\"; ma=2592000,quic=\":443\"; ma=2592000; v=\"46,43\"","accept-ranges":"none","transfer-encoding":"chunked"}
[debug] [2021-05-30T15:03:09.697Z] [iam] error while checking permissions, command may fail: FirebaseError: Authorization failed. This account is missing the following required permissions on project rabius-sunny:

  firebase.projects.get
  firebasehosting.sites.update
[debug] [2021-05-30T15:03:09.700Z] > refreshing access token with scopes: []
[debug] [2021-05-30T15:03:09.701Z] >>> HTTP REQUEST POST https://www.googleapis.com/oauth2/v3/token  
 <request body omitted>
[debug] [2021-05-30T15:03:10.117Z] <<< HTTP RESPONSE 200 {"cache-control":"no-cache, no-store, max-age=0, must-revalidate","pragma":"no-cache","expires":"Mon, 01 Jan 1990 00:00:00 GMT","date":"Sun, 30 May 2021 15:03:10 GMT","content-type":"application/json; charset=utf-8","vary":"X-Origin, Referer, Origin,Accept-Encoding","server":"scaffolding on HTTPServer2","x-xss-protection":"0","x-frame-options":"SAMEORIGIN","x-content-type-options":"nosniff","alt-svc":"h3-29=\":443\"; ma=2592000,h3-T051=\":443\"; ma=2592000,h3-Q050=\":443\"; ma=2592000,h3-Q046=\":443\"; ma=2592000,h3-Q043=\":443\"; ma=2592000,quic=\":443\"; ma=2592000; v=\"46,43\"","accept-ranges":"none","transfer-encoding":"chunked"}
[debug] [2021-05-30T15:03:10.594Z] >>> [apiv2][query] GET https://firebase.googleapis.com/v1beta1/projects/rabius-sunny [none]
[debug] [2021-05-30T15:03:11.302Z] <<< [apiv2][status] GET https://firebase.googleapis.com/v1beta1/projects/rabius-sunny 403
[debug] [2021-05-30T15:03:11.303Z] <<< [apiv2][body] GET https://firebase.googleapis.com/v1beta1/projects/rabius-sunny {"error":{"code":403,"message":"The caller does not have permission","status":"PERMISSION_DENIED"}}
[debug] [2021-05-30T15:03:11.307Z] HTTP Error: 403, The caller does not have permission
[debug] [2021-05-30T15:03:11.310Z] FirebaseError: HTTP Error: 403, The caller does not have permission
    at module.exports (/usr/local/lib/node_modules/firebase-tools/lib/responseToError.js:38:12)
    at Client.doRequest (/usr/local/lib/node_modules/firebase-tools/lib/apiv2.js:238:23)
    at processTicksAndRejections (internal/process/task_queues.js:95:5)
    at async Client.request (/usr/local/lib/node_modules/firebase-tools/lib/apiv2.js:96:20)
    at async Object.getFirebaseProject (/usr/local/lib/node_modules/firebase-tools/lib/management/projects.js:290:21)
    at async Object.getDefaultHostingSite (/usr/local/lib/node_modules/firebase-tools/lib/getDefaultHostingSite.js:8:21)
    at async requireHostingSite (/usr/local/lib/node_modules/firebase-tools/lib/requireHostingSite.js:9:18)
    at async Object.fn (/usr/local/lib/node_modules/firebase-tools/lib/commands/deploy.js:66:9)
    at async /usr/local/lib/node_modules/firebase-tools/lib/command.js:169:17
[error] 
[error] Error: Failed to get Firebase project rabius-sunny. Please make sure the project exists and your account has permission to access it.
